48803
48883
48884
48885
48915
49115
49208
49448
49449
49495
49726
49735
49747
49748
49830
49831
49833
49834
49835
49836
49837
49838
49839
49840
49841
49842
49844
49845
49846
49847
49848
49849
49850
49852
49853
49854
49855
49856
49857
49858
49859
50119
50367
50368
50433
50434
50435
50436
50437
50588
50589
50590
50678
50705
50744
50795
50812
50826
50875
51366
51438
51449
51450
51608
52024
52110
52194
52303
52304
52305
52306
52311
52317
52357
52358
52410
52411
52603
52655
52656
52867
52868
52952
53159
53187
53188
53355
53471
53513
53583
53824
53923
53924
53999
54081
54178
54388
54393
54394
54395
54396
54397
54398
54447
54448
54814
55215
55216
55217
55218
55340
55345
55352
55537
55538
55540
55952
55953
55954
55956
55957
56044
56231
56232
56655
56656
56840
56964
56965
57735
58145
58146
58147
58206
58272
58273
58364
58370
58936
60529
61392
61438
61439
