2
4
5
6
7
9
10
14
24
29
30
32
35
37
41
46
47
48
49
50
58
59
60
63
64
65
66
71
72
73
75
78
80
84
92
93
94
98
100
101
102
104
105
108
111
117
119
120
122
125
127
130
132
140
141
146
147
149
151
152
159
160
162
163
164
165
166
175
2529
2531
2534
2540
2546
2548
2549
2550
2551
2553
2560
2566
2571
2572
2573
2575
2577
2578
2581
2587
2588
2589
2591
2592
2595
2598
2605
2609
2615
2617
2618
2620
2621
2622
2626
2628
2631
2638
2645
2646
2647
2652
2653
2657
2659
2672
2682
2683
2687
2690
2691
2692
2694
2695
2697
2703
2706
2714
2715
2717
2753
2754
2755
2757
2758
2759
2762
2766
2769
2770
2773
2775
2776
2778
2780
2782
2784
2786
2787
2788
2789
2792
2797
2798
2801
3806
3809
3811
3812
3815
3817
3819
3832
3845
3847
3851
3854
3855
3858
3862
3863
3872
3876
3877
3881
3892
3898
3899
3905
3906
3907
3908
3910
3912
3913
3915
3916
3918
3922
3924
3927
3928
3932
3933
3935
3936
3937
3940
3942
3943
3944
3946
3952
3955
3956
3957
3958
3966
3968
3969
3971
3973
3981
3983
3986
3994
3998
3999
4001
4003
4004
4005
4011
4012
4016
4023
4024
4027
4031
5018
5021
5022
5023
5024
5036
5038
5040
5042
5049
5050
5057
5065
5069
5074
5078
5079
5080
5081
5086
5088
5089
5091
5093
5098
5104
5106
5108
5109
6084
6085
6089
6092
6093
6096
6099
6100
6103
6107
6109
6110
6115
6121
6125
6126
6128
6129
6130
6133
6135
6139
6145
6146
6147
6150
6152
6155
6156
6159
6162
6163
6169
6176
6179
6184
6188
6189
6191
6192
6197
6201
6203
6210
6213
6219
6220
6221
6222
6227
6228
6232
6234
6236
6244
6251
6252
6253
6255
6267
6269
6273
6274
6276
7277
7281
7284
7287
7288
7289
7296
7298
7299
7303
7304
7306
7309
7310
7311
7312
7314
7315
7316
7319
7321
7324
7325
7326
7327
7331
7332
7335
7338
7342
7343
7345
7346
7347
7350
7353
7356
7362
7366
7367
7374
7375
7376
7377
7378
7381
7382
7384
7385
7390
7391
7392
7395
7399
7400
7402
7404
7408
7415
7418
7425
7426
7428
7430
7431
7434
7435
7437
7441
7444
7447
7452
7453
7458
7463
7465
7466
7467
7469
7472
7473
7474
7475
7477
7480
7482
7483
7484
7487
7488
7489
7492
7493
7494
7495
7498
7499
7500
7501
7502
7521
8504
8509
8510
8511
8512
8514
8515
8516
8517
8520
8523
8524
8526
8527
8529
8533
8536
8545
8547
8549
8550
8551
8554
8555
9506
9508
9509
9510
9511
10509
10510
10512
10516
10520
10521
10530
10538
10544
10545
10547
10550
10553
10555
10557
10564
10565
10567
10568
10572
10574
10576
10579
10583
10589
10596
10597
10602
10603
10604
10607
10612
10618
10623
10628
10630
10633
10640
10648
10650
10654
10658
10662
10666
10673
10678
10680
10682
10687
10700
10708
10730
10732
10737
10738
10740
10746
10751
10759
10762
10764
10768
10772
11776
11779
11784
11786
11789
11790
11792
11800
11814
11826
11833
11838
11844
12843
12844
12845
12854
12860
12864
12866
12879
12884
12906
12909
12916
12921
12922
12930
12934
12937
12940
12941
12943
12944
12947
12952
12956
12958
12962
12964
12970
12972
12973
12982
12985
12988
12991
12992
12993
12995
12997
13009
13024
13028
13032
13036
13042
13053
13054
13055
13067
13076
13085
13086
13091
13101
13103
13113
13118
13120
13124
13126
13134
13135
13139
13142
13147
13149
13153
13156
13162
13168
13170
13174
13175
13177
13186
13191
13196
13198
13203
13213
13215
13216
13218
13219
13220
13226
13229
13230
13232
13236
13237
13249
13252
13253
13256
13269
13287
13288
13289
13291
13292
13298
13299
13300
13307
13308
13313
13315
13316
13325
13326
13332
13345
13349
13359
13371
13372
13376
13378
13379
13383
13384
13386
13391
13400
13401
13402
13404
13408
13409
13415
13417
13421
13422
13424
13425
13426
13427
13429
13431
13434
13445
13453
13463
13464
13467
13473
13480
13483
13487
13505
13508
13515
13516
13521
13522
13523
13531
13535
13538
13539
13546
13553
13554
13566
13568
13574
13575
13578
13579
13596
13597
13605
13610
13614
13630
13632
13642
13646
13648
13650
13669
13675
13677
13679
13687
13694
13697
13701
14705
14708
14713
14717
14720
14722
14724
14725
14732
14735
14739
14743
14744
14746
14751
14752
14753
14755
14758
14761
14762
14764
14765
14780
14785
14792
14794
14796
14799
14801
14813
14814
14815
14816
14818
14821
14826
14832
14845
14850
14855
14856
14857
14858
14864
14871
14872
14874
14875
14876
14879
14883
14884
14885
14886
14892
14893
14900
14904
14910
14912
14914
14920
14923
14926
14938
14939
14950
14951
14952
14956
14957
14966
14971
14973
14975
14980
14983
14986
14987
14989
14992
14997
14999
16004
16005
16007
16009
16011
16012
16029
16030
16034
16042
16045
16047
16050
16051
16053
16055
16059
16061
16068
16069
16071
16073
16078
16080
16084
16088
16091
16092
16097
16100
16101
16103
16105
16190
16221
16235
16239
16244
16250
16252
16257
16258
16263
16265
16267
16274
16278
16285
16297
16301
16302
16305
16309
16315
16319
16321
16323
16336
17341
17346
17347
17353
17359
17361
17364
17365
17371
17372
17380
17381
17386
17391
17400
17406
17413
17420
17423
17425
17427
17444
17447
17448
17463
17464
17465
17471
17472
17474
17475
17481
17482
17487
17497
17507
17510
17512
17518
17519
17522
17523
17524
17527
17529
17530
17532
17533
17536
17537
17538
17540
17543
17550
17551
17552
17554
17567
17571
17573
17576
17579
17580
17583
17585
17588
17591
17598
17599
17602
17607
17610
17620
17633
17634
17637
17638
17641
17643
17644
17652
17661
17662
17663
17665
17670
17673
17678
17681
17682
17684
17686
17687
17689
17691
17692
17700
17703
17706
17719
17724
17729
17730
17731
17740
17741
17755
17757
17762
17763
17769
17771
17772
17774
17779
17784
17787
17788
17792
17795
17801
17809
17810
17812
17819
17822
17823
17827
17843
17849
17850
17857
17860
17869
17874
17875
17887
17889
17894
17897
17901
17906
17908
17909
17912
17913
17924
17926
18794
18795
18796
18797
18927
18929
18932
18935
18937
18941
18956
18959
18963
18969
18980
18983
18989
18991
19018
19021
19022
19025
19031
19035
19049
19058
19060
19062
19063
19065
19069
19070
19078
19085
19087
19091
19092
19097
19098
19099
20095
21100
21102
21103
21104
21106
21111
21114
21117
21120
21122
21123
21127
21128
21130
21131
21134
21136
21142
21143
21145
21155
21156
21157
21161
21171
21185
21189
21197
21198
21200
21201
21207
21215
21216
21221
21225
21247
21248
21252
21253
21261
21265
21269
21279
21282
21305
21306
21312
21313
21314
21325
21326
21327
21330
21340
21343
21345
21348
21351
21354
21355
21363
21365
21371
21376
21382
21384
21387
21389
21391
21393
21394
21398
21401
21402
21405
21406
21409
21414
21419
21433
21437
21441
21444
21446
21447
21448
21451
21456
21460
21462
21476
21479
21498
21501
21502
21510
21511
21516
21518
21523
21524
21526
21527
21529
21541
21542
21543
21549
21552
21555
21557
21559
21562
21565
21567
21574
21578
21582
21586
21588
21590
21591
21593
21599
21602
21608
21609
21621
21637
21645
21647
21651
21653
21656
21657
21658
21659
21660
21661
21663
21664
21666
21669
21670
21674
21675
21676
21678
21680
21686
21690
21692
21697
21698
21703
21706
21709
21714
21717
21726
21733
21734
21738
21742
21744
21748
21750
21774
21778
21779
21780
21793
21796
21798
21799
21805
21806
21809
21813
21815
21824
21829
21830
21833
21837
21838
21847
21849
21852
21872
21877
21893
21896
22890
22892
22901
22904
22916
22926
22934
22938
22939
22940
22950
22951
22952
22963
22964
22965
22966
22967
22970
22972
22979
23982
23985
23987
23989
23990
23991
24002
24003
24004
24020
24024
24029
24052
24054
24065
24067
24069
24078
24087
24088
24089
24096
24100
24101
24118
24128
24130
24131
24132
24134
24138
24142
24149
24151
24158
24161
24168
24179
24180
24181
24182
24202
24203
24205
24208
24210
24216
24218
24220
24228
24230
24237
24239
24240
24243
24247
24250
24253
24256
24262
24270
24274
24278
24280
24283
24286
24291
24293
24296
24298
24302
24311
24314
24315
24322
24332
24342
25193
25196
25201
25203
25218
25219
25220
25221
25224
25225
25232
25235
25240
25243
25248
25252
25256
25258
25261
25271
25274
25279
25284
25288
25294
25295
25300
25305
25309
25310
25319
25323
25324
25330
25333
25335
25336
25340
25346
25350
25353
25368
25373
26193
27195
27205
27212
27213
27214
27215
27241
27245
27246
27257
27264
27265
27280
27287
27298
27305
27306
27310
27313
27319
27323
27327
27329
27333
27334
27337
27346
27350
27358
27369
27371
27379
27386
27391
27397
27403
27405
27418
27420
27422
27424
27429
27431
27433
27436
27437
27441
27448
27449
27475
27476
27503
27509
27510
27511
27522
27523
27524
27545
27546
28303
28314
28322
28331
28339
28344
28346
28355
28363
28367
28368
28370
28371
28376
28378
28553
28556
28558
28562
28572
28579
28586
28589
28592
28597
28598
28599
28610
28611
28616
28621
28622
28636
28637
28641
28647
28650
28653
28654
28663
28675
28683
28685
28700
28706
28707
28708
28709
28712
28718
28724
28734
28739
28747
28748
28750
28751
28752
28753
28754
28755
28756
28761
28762
28765
28767
28773
28775
28776
28778
28779
28781
28783
28786
28788
28789
28799
28809
28812
28813
28819
28820
28822
28830
28833
28838
28841
28846
28847
28853
29564
29567
29568
29574
29581
29589
29591
29604
29606
29611
29616
29619
29622
29625
29626
29628
29629
29633
29635
29636
29639
29644
29654
29660
29661
29666
29857
29867
29870
29876
29877
29881
29885
29895
29896
29898
29903
29909
29915
29924
29925
29929
29931
29934
29938
29945
29947
29948
29951
29961
29963
29967
29968
29974
29980
29981
29986
29999
30014
30015
30018
30029
30035
30036
30038
30041
30043
30056
30057
30058
30060
30071
30079
30094
30098
30110
30111
30122
30130
30132
30142
30151
30155
30156
30161
30163
30167
30172
30176
30177
30186
30193
30199
30200
30203
30210
30211
30213
30214
30221
30228
30232
30239
30243
30247
30251
30259
30265
30266
30269
30274
30279
30280
30283
30287
30289
30291
30292
30298
30301
30302
30310
30311
30314
30327
30333
30346
30347
30350
30351
30353
30354
30356
30357
30361
30366
30367
30368
30369
30373
30389
30390
30393
30425
30432
30433
30438
30442
30444
30448
30454
30460
30472
30474
30475
30484
30486
30490
30491
30493
30494
30498
30501
30505
30506
30508
30515
30520
30527
30532
30622
30627
30630
30632
30634
30637
30638
30655
30656
30659
30666
30670
30677
30680
30681
30692
30694
30698
30699
30705
30706
30708
30714
30718
30725
30727
30732
30741
30743
30757
30761
30762
30763
30766
31773
31775
31779
31786
31790
31798
31802
31806
31807
31809
31812
31813
31816
31817
31818
31820
31822
31823
31825
31827
31828
31830
31833
31835
31840
31842
31845
31847
31848
31849
31854
31857
31865
31870
31871
31874
31875
31877
31881
31891
31892
31894
31895
31897
31898
31899
31902
31905
31907
31910
31916
31918
31919
31922
31926
31932
31933
31934
31938
31940
31942
31945
31946
31947
31949
31955
31958
31964
31968
31969
31972
31977
31979
31980
31991
31992
31993
31995
31996
31997
31999
32001
32004
32005
32012
32016
32019
32020
32022
32024
32026
32028
32030
32038
32039
32043
32045
32052
32063
32066
32072
32073
32084
32087
32092
32094
32097
32099
32103
32107
32108
32109
32111
32112
32115
32116
32120
32122
32128
32142
32144
32145
32146
32149
32160
32163
32164
32165
32166
32167
32177
32187
32188
32191
32194
32197
32203
32204
32208
32213
32219
32221
32222
32223
32224
32225
32228
32231
32232
32240
32241
32242
32248
32249
32250
32251
32253
32261
32266
32271
32272
32277
32278
32290
32291
32296
32303
32305
32307
32313
32316
32321
32324
32325
32327
32329
32331
32334
32338
32340
32344
32349
32350
32352
33324
33325
33326
33329
33331
33332
33335
33345
33347
33356
33357
33361
33364
33366
33368
33369
33370
33371
33374
33375
33377
33378
33379
33383
33388
33390
33396
33397
33401
33404
33406
33409
33411
33413
33414
33424
33437
33440
33442
33444
33447
33451
33459
33462
33469
33475
33476
33481
33482
33483
33484
33486
33490
33493
33498
33499
33501
33503
33505
33507
33510
33520
33526
33527
33528
33532
33535
33536
33537
33544
33546
33552
33555
33561
33567
33571
33572
33577
33578
33579
33581
33583
33588
33589
33591
33592
33594
33595
33596
33599
33606
33611
33614
33619
33625
33626
33631
33634
33636
33638
34637
34640
34641
34643
34647
34654
34656
34658
34661
34662
34666
34667
34668
34669
34671
34672
34678
34683
34684
34694
34695
34700
34701
34705
34706
34717
34724
34728
34734
34737
34739
34740
34743
34746
34756
34761
34770
34774
34782
34783
34785
34789
34796
34797
34798
34800
34807
34810
34815
34820
34822
34833
34837
34839
34842
34847
35850
35852
35853
35856
36651
36656
36657
36661
36662
36664
36670
36678
36684
36688
36693
36695
36698
36702
36708
36714
36718
36725
36731
36753
36757
36758
36774
36780
36781
36782
36783
36790
36793
36795
36799
36802
36803
36804
36817
36819
36821
36822
36824
36827
36835
36837
36841
36856
36858
36859
36868
36871
36872
36875
36877
36881
36882
36884
36887
36897
36898
36901
36902
36903
36913
36914
36916
36920
36921
36924
36932
36934
36941
36942
36945
36948
36951
36952
36960
36969
36977
36984
36989
36992
36994
36998
37004
37010
37012
37014
37021
37024
37027
37029
37030
37034
37035
37037
37046
37059
37061
37063
37069
37071
37073
37075
37081
37083
37086
37101
37103
37104
37108
37110
37111
37119
37120
37122
37134
37140
37141
37142
37144
37148
37150
37153
37154
37156
37158
37159
37160
37161
37163
37166
37174
37178
37179
37181
37183
37651
37652
37653
37654
37665
37668
37669
37671
37673
37676
37677
37685
37686
37688
37690
37696
37699
37702
37705
37710
37724
37726
37728
37730
37736
37737
37738
37743
37746
37748
37750
37751
37761
37767
37770
37784
37787
37789
37795
37805
37812
37814
37815
37816
37819
37821
37822
37824
37836
37842
37843
37847
37848
37850
37855
37867
37875
37877
37878
37883
37884
37885
37888
37889
37891
37894
37897
37898
37903
37904
37907
37909
37916
37917
37918
37920
37922
37926
37928
37930
37931
37938
37939
37945
37946
37947
37949
37950
37954
37955
37956
37957
37958
37959
37967
37971
37974
37983
37985
37986
37988
37990
37995
37998
38010
38016
38675
38680
38681
38684
39678
39681
39685
39689
39694
39695
39702
39706
39708
39710
39711
39712
39713
39716
39722
39723
39725
39736
39741
39746
39755
39757
39761
39763
39769
39770
39771
39772
39776
39777
39778
39780
39793
39794
39797
39798
39799
39800
39801
39809
39811
39814
39817
39818
39819
39824
39825
39829
39832
39836
39837
39839
39842
39843
39846
39865
39867
39868
39871
39876
39878
39879
39882
39883
39884
39888
39896
39901
39903
39911
39920
39922
39930
39933
39938
39941
39944
39946
39964
39966
39973
39975
39976
39979
39981
39982
39985
39993
39996
39997
40001
40002
40004
40013
40014
40017
40021
40023
40024
40028
40036
40038
40048
40050
40058
40061
40066
40067
40075
40078
40081
40082
40084
40086
41069
41071
41072
41074
41079
41080
41083
41086
41090
41092
41093
41095
41096
41099
41100
41101
41102
41104
41105
41111
41114
41117
41120
41121
41122
41124
41125
41126
41128
41132
41137
41140
41141
41142
41145
41146
41151
41165
41166
41259
41269
41270
41272
41277
41293
41295
41297
41301
41309
41320
41330
41336
41337
41345
41371
41375
41379
41386
41387
41394
41395
41398
41399
41410
41415
41421
41423
41428
41430
41433
41434
41436
41439
41442
41450
41451
41452
41459
41479
41481
41484
41485
41494
41497
41503
41504
41505
41506
41508
41512
41513
41517
41520
41525
41526
41528
41532
41537
41538
41541
41542
41543
41545
41546
41551
41552
41554
41555
41556
41557
41558
41564
41565
41570
41573
41576
41577
41578
41580
41586
41589
41590
41591
41596
41598
41599
41601
41602
41607
41610
41611
41612
41614
41615
41618
41624
41627
41635
41645
41646
41647
41648
41650
41654
41659
41666
41668
41669
41671
41678
41683
41684
41690
41693
41698
41700
41702
41707
41709
41710
41713
41715
41716
41719
41720
41721
41723
41724
41726
41729
41735
41736
41737
41738
41741
41750
41751
41752
41757
41758
41763
41765
41766
41768
41770
41774
41780
41781
41785
41787
41789
41794
41800
41803
41804
41805
41809
41810
41815
41816
41818
41820
41821
41822
41826
41832
41841
41844
41850
41855
41859
41860
41863
41865
41866
41867
41868
41873
41875
41876
41877
41878
41881
41887
41889
41893
41901
41902
41903
41907
41908
41912
41916
41919
41922
41924
41927
41929
41933
41934
41935
41937
41943
41947
41952
41953
41962
41966
41970
41973
41977
41981
41982
41985
41987
41994
41999
42000
42001
42005
42007
42008
42010
42014
42016
42020
42026
42028
42029
42030
42034
42037
42041
42045
42048
42052
42054
42056
42061
42062
42063
42064
42067
42070
42075
42076
42082
42084
42085
42086
42088
42090
42093
42096
42100
42102
42105
42111
42112
42113
42116
42117
42118
42123
42124
42127
42132
42133
42134
42136
42138
42147
42148
42150
42154
42155
42161
42162
42166
42168
42172
42173
42174
42176
42195
42200
42201
42202
42206
42208
42219
42220
42222
42223
42229
42231
42233
42234
42241
42246
42251
42253
42254
42267
42273
42280
42285
42291
42295
42296
42298
42301
42304
42307
42312
42313
42320
42323
42326
42328
42346
42347
42348
42354
42358
42362
42366
42370
42372
42373
42375
42376
42382
42384
42385
42387
42388
42396
42400
42402
42405
42406
42407
42408
42410
42415
42418
42419
42420
42421
42425
42426
42427
42431
42436
42443
42447
42455
42465
42466
42467
42468
42470
42474
42479
42480
42481
42486
42495
42496
42498
42505
42508
42513
42515
42518
42519
42520
42521
42522
42531
42533
42537
42539
42540
42544
42546
42549
42556
42563
42565
42567
42569
42575
42579
42583
42592
42596
42598
42599
42601
42604
42605
42608
42609
42610
42613
42614
42616
42634
42637
42639
42644
42656
42660
42663
42667
42673
42676
42677
42679
42680
42689
42690
42694
42696
42699
42700
42712
42714
42717
42718
42719
42724
42725
42731
42732
42734
42735
42736
42741
42742
42744
42745
42757
42760
42761
42762
42774
42778
42780
42782
42783
42784
42785
42787
42789
42790
42796
42799
42800
42805
42806
42810
42811
42812
42820
42826
42830
42831
42833
42834
42835
42838
42839
42840
42841
42843
42845
42846
42847
42848
42857
42860
42861
42863
42869
42872
42874
42879
42881
42883
42886
42887
42889
42890
42893
42894
42895
42898
42901
42904
42907
42909
42911
42912
42914
42915
42919
42923
42924
42928
42929
42936
42938
42940
42941
42942
42944
42946
42952
42962
42966
42972
42973
42974
42981
42985
42986
42987
42991
42992
43002
43003
43004
43007
43010
43017
43019
43020
43032
43033
43036
43037
43042
43044
43046
43051
43059
43060
43066
43070
43074
43076
43079
43080
43083
43084
43085
43088
43092
43093
43095
43104
43109
43112
43114
43116
43118
43119
43125
43126
43128
43129
43131
43133
43134
43140
43142
43149
43152
43154
43158
43160
43162
43164
43165
43170
43172
43174
43175
43180
43181
43187
43188
43189
43192
43193
43195
43198
43203
43205
43206
43208
43215
43216
43217
43218
43219
43224
43235
43236
43238
43243
43244
43248
43259
43260
43262
43263
43270
43275
43276
43277
43284
43285
43288
43289
43295
43296
43298
43303
43304
43305
43306
43307
43313
43319
43326
43331
43333
43334
43336
43339
43341
43344
43345
43347
43353
43355
43360
43362
43364
43368
43370
43374
43378
43379
43383
43389
43395
43401
43402
43407
43409
43412
43413
43418
43421
43422
43423
43426
43427
43428
43433
43434
43436
43439
43440
43441
43446
43447
43448
43453
43454
43455
43456
43462
43464
43469
43473
43474
43480
43484
43485
43491
43495
43497
43498
43501
43506
43507
43508
43512
43521
43523
43526
43528
43531
43536
43537
43543
43546
43547
43549
43550
43557
43562
43565
43575
43578
43579
43584
43588
43595
43597
43598
43602
43605
43607
43609
43613
43617
43619
43627
43629
43630
43631
43636
43637
43639
43641
43642
43650
43651
43653
43656
43659
43664
43671
43674
43677
43678
43681
43685
43687
43688
43690
43692
43694
43696
43705
43711
43713
43719
43724
43727
43729
43730
43731
43737
43738
43741
43742
43748
43756
43761
43763
43772
43774
43775
43777
43778
43781
43783
43786
43787
43788
43791
43795
43797
43799
43802
43803
43805
43807
43810
43819
43825
43828
43830
43842
43844
43845
43847
43849
43850
43852
43867
43873
43879
43888
43889
43894
43897
43902
43903
43911
43912
43914
43934
43944
43950
43951
43952
43958
43959
43966
43972
43977
43980
43989
43994
44002
44005
44006
44008
44011
44012
44015
44017
44028
44031
44032
44033
44036
44037
44038
44039
44040
44043
44048
44049
44059
44072
44074
44077
44078
44079
44080
44082
44090
44095
44097
44101
44104
44107
44114
44116
44122
44124
44125
44128
44146
44148
44149
44152
44155
44157
44160
44168
44176
44177
44181
44185
44196
44197
44203
44206
44209
44215
44220
44228
44229
44230
44233
44236
44237
44239
44240
44241
44242
44243
44245
44247
44248
44252
44255
44256
44258
44262
44268
44274
44278
44286
44292
44294
44296
44301
44329
44330
44331
44339
44344
44346
44348
44352
44360
44370
44374
44376
44378
44381
44382
44383
44384
44387
44388
44391
44393
44396
44401
44405
44413
44417
44418
44423
44427
44428
44438
44440
44441
44442
44443
44446
44447
44450
44451
44456
44460
44463
44467
44469
44470
44471
44476
44480
44482
44483
44486
44489
44490
44499
44507
44509
44512
44517
44520
44526
44527
44529
44533
44536
44537
44542
44554
44561
44564
44566
44568
44579
44583
44587
44588
44591
44592
44598
44599
44603
44604
44605
44607
44608
44611
44613
44617
44623
44627
44630
44637
44640
44650
44655
44659
44664
44672
44674
44676
44690
44703
44709
44717
44726
44728
44732
44743
44745
44747
44748
44750
44755
44761
44768
44774
44776
44792
44794
44797
44799
44801
44803
44813
44816
44825
44831
44832
44833
44838
44843
44850
44854
44858
44861
44872
44875
44876
44879
44880
44881
44883
44886
44893
44894
44896
44897
44900
44901
44905
44907
44909
44915
44923
44926
44927
44930
44933
44937
44940
44950
44957
44958
44959
44965
44968
44969
44971
44978
44979
44981
44984
44990
45008
45011
45014
45015
45019
45020
45027
45030
45031
45033
45035
45040
45045
45046
45047
45049
45050
45051
45058
45059
45064
45065
45074
45075
45076
45082
45084
45089
45091
45092
45096
45098
45106
45112
45115
45119
45128
45133
45134
45135
45136
45139
45144
45155
45162
45165
45173
45177
45180
45181
45182
45210
45211
45212
45218
45219
45222
45225
45228
45236
45241
45243
45244
45245
45249
45256
45259
45263
45269
45271
45276
45278
45282
45288
45290
45291
45294
45299
45300
45302
45305
45307
45308
45312
45313
45317
45318
45319
45320
45321
45323
45331
45334
45344
45345
45347
45350
45354
45363
45367
45369
45375
45376
45378
45382
45385
45387
45394
45402
45404
45406
45412
45416
45417
45418
45420
45424
45425
45426
45432
45435
45439
45440
45443
45445
45448
45452
45455
45459
45460
45465
45472
45473
45475
45483
45485
45492
45495
45496
45497
45500
45503
45505
45506
45511
45513
45518
45524
45527
45530
45532
45534
45537
45539
45541
45548
45551
45552
45555
45558
45564
45571
45573
45575
45580
45581
45585
45589
45591
45593
45598
45602
45604
45608
45610
45612
45614
45631
45633
45636
45642
45647
45654
45657
45662
45663
45664
45673
45675
45676
45680
45681
45683
45684
45685
45688
45690
45702
45710
45713
45715
45716
45718
45719
45720
45722
45725
45728
45729
45734
45746
45748
45749
45754
45761
45762
45763
45768
45774
45778
45781
45789
45796
45798
45800
45804
45808
45813
45814
45817
45830
45831
45833
45837
45845
45847
45849
45850
45851
45855
45858
45859
45860
45861
45862
45871
45878
45884
45887
45893
45896
45898
45902
45904
45910
45913
45914
45915
45918
45922
45931
45933
45935
45936
45945
45946
45949
45956
45958
45963
45964
45966
45968
45971
45974
45979
45984
45987
45990
45991
45994
45995
45997
46003
46006
46007
46009
46010
46016
46019
46021
46024
46030
46037
46039
46042
46046
46053
46054
46058
46062
46067
46070
46072
46073
46077
46079
46089
46095
46099
46108
46113
46114
46121
46123
46126
46130
46139
46142
46145
46152
46153
46156
46157
46168
46171
46173
46176
46189
46194
46195
46198
46202
46204
46208
46210
46212
46213
46214
46220
46223
46227
46229
46231
46232
46239
46247
46248
46249
46250
46254
46256
46257
46259
46260
46261
46262
46269
46275
46277
46288
46293
46297
46301
46303
46314
46316
46321
46326
46327
46334
46337
46340
46345
46353
46355
46359
46360
46363
46369
46370
46372
46380
46382
46386
46392
46398
46401
46402
46405
46407
46412
46416
46417
46419
46421
46430
46431
46435
46440
46441
46446
46449
46455
46456
46462
46463
46464
46467
46472
46474
46475
46478
46486
46489
46491
46497
46498
46499
46500
46501
46502
46503
46504
46505
46507
46508
46509
46510
46511
46512
46513
46514
46516
46517
46518
46519
46520
46522
46523
46524
46526
46527
46528
46529
46530
46531
46532
46533
46534
46536
46537
46538
46540
46542
46544
46545
46546
46547
46548
46549
46550
46551
46552
46553
46554
46555
46557
46558
46559
46560
46561
46562
46563
46564
46566
46567
46568
46569
46570
46573
46574
46575
46579
46580
46581
46582
46583
46584
46585
46586
46587
46588
46589
46590
46591
46592
46593
46595
46596
46597
46598
46599
46600
46601
46603
46604
46605
46607
46608
46609
46610
46611
46612
46613
46614
46615
46616
46617
46618
46619
46620
46621
46623
46624
46625
46626
46627
46628
46629
46630
46631
46632
46633
46634
46635
46636
46637
46638
46639
46640
46641
46642
46643
46644
46645
46646
46647
46648
46649
46650
46651
46652
46653
46654
46655
46656
46657
46658
46659
46660
46661
46662
46663
46664
46666
46667
46668
46670
46672
46673
46674
46675
46677
46678
46679
46680
46681
46684
46685
46686
46687
46688
46689
46691
46692
46693
46695
46696
46697
46698
46699
46700
46701
46702
46703
46704
46705
46706
46707
46709
46710
46711
46712
46713
46714
46715
46716
46717
46718
46720
46721
46722
46723
46724
46725
46726
46727
46728
46729
46730
46731
46732
46733
46734
46735
46736
46737
46738
46739
46740
46742
46743
46744
46745
46746
46747
46748
46749
46750
46751
46752
46753
46755
46756
46757
46758
46759
46761
46762
46763
46764
46765
46766
46767
46768
46769
46770
46771
46772
46773
46774
46775
46776
46777
46778
46780
46781
46783
46784
46785
46786
46787
46788
46789
46790
46791
46792
46793
46794
46795
46796
46797
46798
46800
46801
46802
46803
46804
46807
46810
46811
46812
46813
46815
46816
46818
46819
46820
46821
46822
46823
46824
46825
46826
46827
46828
46829
46830
46831
46832
46834
46835
46836
46837
46838
46839
46840
46841
46842
46843
46844
46845
46846
46848
46849
46850
46851
46852
46853
46855
46857
46858
46860
46861
46863
46864
46866
46867
46868
46869
46870
46871
46872
46874
46875
46876
46877
46878
46879
46880
46881
46882
46883
46884
46886
46887
46888
46889
46890
46891
46892
46893
46894
46895
46896
46897
46899
46900
46901
46902
46903
46904
46906
46907
46908
46909
46910
46911
46912
46913
46914
46915
46916
46917
46918
46919
46920
46921
46922
46923
46924
46925
46926
46927
46928
46929
46930
46931
46932
46933
46935
46936
46938
46940
46941
46942
46943
46944
46945
46946
46947
46948
46949
46950
46951
46952
46953
46954
46955
46957
46958
46959
46960
46961
46962
46963
46964
46965
46966
46967
46968
46969
46970
46971
46972
46973
46974
46975
46977
46978
46979
46980
46981
46982
46984
46985
46986
46987
46988
46989
46990
46991
46992
46993
46994
46995
46996
46997
46998
46999
47000
47001
47002
47004
47005
47006
47007
47008
47009
47010
47011
47012
47013
47014
47015
47016
47017
47018
47019
47020
47021
47022
47023
47024
47025
47027
47028
47029
47030
47031
47032
47033
47034
47035
47036
47037
47038
47039
47040
47041
47042
47043
47044
47045
47047
47048
47049
47050
47051
47052
47053
47054
47055
47056
47058
47059
47060
47061
47062
47063
47064
47065
47066
47067
47068
47069
47070
47071
47072
47073
47074
47075
47076
47077
47078
47079
47080
47081
47082
47083
47084
47085
47086
47087
47088
47089
47090
47091
47092
47093
47094
47095
47096
47097
47098
47099
47101
47102
47103
47104
47105
47106
47107
47108
47110
47111
47112
47113
47114
47115
47117
47118
47119
47121
47123
47124
47126
47127
47128
47129
47130
47131
47132
47133
47134
47135
47136
47137
47138
47139
47140
47141
47142
47143
47144
47145
47146
47147
47148
47149
47150
47151
47152
47153
47154
47155
47156
47157
47158
47159
47160
47161
47162
47163
47164
47165
47166
47167
47168
47169
47170
47171
47172
47173
47174
47175
47176
47177
47178
47179
47182
47183
47184
47188
47189
47190
47191
47192
47193
47194
47195
47196
47197
47198
47199
47200
47201
47202
47203
47204
47206
47207
47208
47209
47211
47212
47213
47214
47215
47216
47217
47218
47219
47220
47221
47223
47224
47225
47226
47227
47228
47229
47230
47233
47234
47235
47236
47237
47238
47239
47240
47241
47242
47243
47244
47245
47246
47247
47248
47249
47250
47251
47252
47253
47254
47255
47256
47257
47258
47259
47260
47261
47262
47263
47264
47265
47266
47267
47268
47269
47270
47271
47272
47273
47275
47276
47277
47278
47279
47280
47281
47282
47283
47284
47285
47286
47287
47288
47289
47290
47291
47292
47293
47294
47296
47297
47298
47299
47300
47301
47302
47304
47305
47306
47309
47310
47311
47312
47313
47316
47317
47318
47319
47320
47322
47323
47324
47325
47326
47327
47328
47330
47331
47332
47334
47335
47336
47337
47338
47339
47340
47341
47342
47343
47344
47345
47346
47348
47349
47350
47351
47352
47353
47354
47355
47356
47358
47359
47360
47361
47362
47364
47365
47366
47367
47368
47369
47371
47372
47373
47374
47375
47376
47377
47378
47379
47380
47381
47382
47383
47384
47386
47387
47388
47389
47390
47392
47393
47394
47395
47396
47397
47398
47399
47400
47401
47403
47404
47405
47406
47407
47408
47409
47411
47412
47413
47414
47415
47416
47417
47418
47419
47420
47421
47422
47423
47424
47425
47426
47427
47428
47429
47430
47431
47432
47433
47434
47435
47436
47437
47439
47440
47441
47442
47443
47444
47445
47446
47447
47448
47449
47450
47451
47452
47453
47454
47455
47456
47457
47458
47459
47460
47461
47462
47463
47464
47465
47466
47467
47469
47471
47472
47473
47474
47475
47476
47477
47478
47479
47480
47481
47482
47483
47484
47485
47486
47487
47488
47489
47490
47491
47492
47493
47494
47495
47496
47497
47498
47500
47501
47502
47503
47504
47507
47510
47511
47512
47513
47514
47515
47516
47517
47518
47519
47520
47521
47522
47523
47524
47525
47526
47527
47528
47529
47530
47531
47532
47533
47534
47536
47537
47538
47539
47540
47541
47542
47543
47544
47545
47546
47547
47548
47549
47550
47551
47552
47553
47554
47555
47556
47558
47559
47560
47561
47562
47563
47564
47565
47566
47567
47568
47569
47571
47572
47573
47574
47575
47576
47577
47578
47579
47580
47581
47582
47583
47584
47585
47586
47587
47588
47589
47590
47591
47593
47595
47596
47597
47598
47599
47602
47603
47604
47605
47606
47607
47609
47610
47611
47612
47613
47614
47615
47616
47617
47618
47619
47620
47621
47622
47623
47624
47625
47626
47627
47628
47629
47630
47631
47632
47633
47634
47635
47637
47638
47639
47640
47641
47642
47643
47644
47645
47646
47647
47648
47649
47650
47651
47652
47653
47654
47655
47656
47657
47658
47659
47660
47661
47662
47663
47664
47665
47666
47667
47668
47669
47671
47672
47673
47674
47675
47676
47677
47678
47679
47680
47681
47682
47683
47684
47685
47686
47687
47688
47689
47691
47692
47693
47695
47696
47697
47699
47700
47701
47702
47703
47704
47705
47706
47707
47708
47709
47710
47711
47712
47714
47715
47716
47717
47718
47719
47720
47721
47723
47724
47725
47726
47727
47728
47729
47730
47731
47732
47733
47734
47735
47736
47737
47738
47739
47740
47741
47742
47743
47744
47745
47746
47747
47748
47749
47750
47752
47753
47754
47755
47756
47757
47758
47759
47760
47761
47762
47763
47764
47765
47767
47768
47769
47770
47771
47772
47773
47774
47775
47776
47777
47778
47779
47780
47781
47782
47783
47784
47785
47787
47789
47790
47791
47792
47793
47794
47796
47797
47798
47799
47800
47801
47802
47803
47804
47806
47807
47808
47809
47810
47811
47812
47813
47814
47815
47816
47817
47818
47819
47820
47821
47822
47823
47825
47826
47827
47828
47829
47830
47831
47832
47833
47834
47835
47836
47837
47838
47839
47840
47842
47843
47844
47846
47847
47848
47849
47850
47851
47852
47853
47855
47856
47857
47858
47859
47860
47861
47863
47864
47865
47866
47867
47869
47870
47872
47873
47874
47875
47876
47877
47878
47879
47880
47881
47882
47883
47884
47885
47886
47887
47888
47889
47890
47891
47892
47894
47895
47896
47897
47898
47899
47900
47901
47902
47903
47904
47905
47906
47907
47908
47909
47910
47911
47912
47913
47914
47915
47916
47919
47920
47921
47922
47923
47924
47925
47926
47929
47930
47931
47932
47933
47934
47935
47936
47937
47938
47939
47940
47941
47942
47943
47944
47945
47947
47948
47949
47950
47951
47952
47953
47954
47955
47956
47957
47958
47960
47961
47962
47963
47964
47965
47966
47967
47968
47969
47971
47972
47973
47974
47975
47976
47977
47978
47979
47980
47981
47982
47984
47985
47986
47987
47988
47989
47990
47991
47992
47993
47994
47995
47996
47997
47998
47999
48000
48001
48002
48003
48004
48005
48006
48007
48008
48009
48010
48011
48012
48013
48014
48015
48016
48017
48018
48019
48020
48021
48022
48023
48024
48025
48027
48028
48029
48030
48031
48032
48033
48034
48035
48036
48037
48038
48039
48040
48043
48044
48045
48046
48047
48048
48049
48050
48051
48052
48053
48054
48055
48056
48057
48058
48059
48060
48061
48063
48064
48065
48066
48067
48068
48069
48070
48071
48073
48074
48075
48076
48077
48078
48080
48081
48082
48083
48084
48085
48086
48087
48088
48089
48090
48091
48092
48093
48095
48096
48097
48098
48099
48100
48101
48102
48103
48104
48105
48106
48107
48108
48109
48110
48112
48113
48114
48115
48116
48117
48118
48119
48120
48121
48122
48123
48124
48125
48126
48127
48128
48129
48130
48131
48132
48133
48134
48135
48136
48137
48138
48139
48140
48141
48142
48143
48144
48145
48146
48147
48148
48149
48150
48151
48152
48153
48155
48156
48157
48158
48160
48161
48163
48164
48165
48166
48167
48168
48169
48171
48172
48173
48174
48175
48176
48177
48178
48179
48180
48181
48182
48183
48184
48185
48186
48187
48188
48189
48190
48191
48192
48193
48194
48195
48196
48197
48198
48199
48201
48202
48203
48204
48205
48206
48207
48208
48209
48210
48211
48212
48213
48214
48215
48216
48217
48218
48219
48220
48221
48222
48223
48225
48226
48227
48228
48229
48230
48231
48232
48233
48234
48236
48237
48238
48239
48240
48241
48242
48244
48246
48247
48248
48249
48250
48251
48252
48253
48254
48255
48256
48257
48258
48259
48260
48261
48262
48263
48264
48265
48266
48267
48268
48269
48270
48271
48272
48273
48274
48275
48276
48277
48279
48280
48281
48282
48283
48284
48285
48286
48287
48288
48290
48291
48292
48293
48294
48296
48297
48298
48299
48300
48301
48302
48303
48304
48306
48307
48308
48309
48311
48313
48314
48315
48316
48317
48318
48319
48321
48324
48325
48326
48327
48328
48329
48330
48331
48332
48333
48334
48335
48336
48337
48338
48339
48340
48341
48342
48343
48344
48345
48346
48347
48348
48349
48351
48352
48353
48354
48355
48356
48357
48358
48359
48361
48363
48364
48365
48366
48367
48368
48369
48370
48371
48372
48373
48374
48375
48376
48377
48378
48379
48380
48381
48382
48383
48384
48385
48386
48387
48388
48389
48390
48391
48392
48393
48394
48395
48396
48397
48398
48399
48400
48401
48402
48403
48404
48405
48406
48407
48408
48409
48410
48412
48413
48414
48415
48416
48417
48418
48419
48420
48421
48422
48424
48425
48426
48427
48429
48430
48431
48432
48433
48434
48435
48436
48437
48438
48439
48440
48441
48442
48443
48444
48445
48446
48447
48448
48449
48450
48453
48454
48455
48456
48457
48458
48459
48460
48461
48462
48463
48464
48465
48466
48467
48468
48469
48470
48471
48472
48473
48474
48475
48476
48478
48479
48480
48481
48482
48483
48484
48485
48486
48487
48488
48489
48490
48491
48492
48493
48494
48495
48496
48497
48498
48499
48500
48501
48502
48505
48506
48507
48508
48509
48510
48511
48512
48513
48514
48515
48516
48517
48518
48520
48521
48522
48525
48526
48527
48528
48529
48530
48531
48532
48533
48534
48535
48536
48537
48538
48539
48540
48542
48543
48544
48545
48546
48548
48549
48550
48551
48552
48553
48554
48555
48556
48557
48558
48559
48560
48561
48562
48563
48564
48565
48566
48567
48568
48569
48570
48572
48573
48574
48576
48577
48578
48580
48581
48582
48583
48584
48585
48586
48587
48588
48589
48591
48592
48593
48594
48595
48596
48597
48598
48599
48600
48601
48602
48603
48605
48606
48607
48608
48609
48610
48611
48612
48613
48614
48615
48616
48617
48618
48619
48620
48621
48622
48623
48624
48625
48626
48627
48628
48629
48630
48631
48632
48633
48634
48635
48636
48637
48638
48639
48640
48642
48643
48644
48645
48646
48647
48648
48649
48650
48651
48652
48653
48654
48655
48656
48657
48658
48659
48660
48661
48662
48663
48664
48665
48666
48667
48668
48669
48670
48671
48672
48674
48675
48678
48679
48680
48681
48682
48683
48684
48685
48686
48687
48688
48689
48690
48691
48693
48694
48695
48696
48697
48698
48699
48700
48701
48702
48703
48704
48705
48706
48707
48708
48709
48710
48712
48713
48714
48716
48717
48718
48719
48720
48723
48724
48725
48726
48727
48728
48729
48730
48731
48732
48733
48734
48735
48736
48737
48738
48739
48740
48741
48742
48743
48744
48745
48746
48747
48749
48750
48751
48752
48753
48754
48755
48756
48757
48758
48759
48760
48761
48762
48763
48764
48765
48766
48767
48768
48769
48770
48771
48772
48773
48774
48775
48776
48777
48778
48779
48780
48781
48782
48783
48784
48785
48786
48787
48788
48789
48790
48791
48792
48793
48794
48795
48796
48797
48798
48799
48800
48801
48802
48804
48805
48807
48808
48809
48810
48811
48812
48813
48814
48815
48816
48817
48818
48819
48820
48821
48822
48823
48824
48825
48826
48827
48828
48829
48830
48831
48832
48833
48834
48835
48836
48837
48838
48839
48840
48842
48843
48844
48845
48846
48847
48848
48849
48850
48851
48852
48853
48854
48855
48856
48857
48858
48859
48860
48861
48862
48863
48864
48865
48866
48867
48868
48869
48870
48871
48873
48874
48875
48876
48877
48878
48879
48880
48881
48882
48886
48888
48889
48890
48891
48892
48893
48894
48895
48896
48897
48898
48899
48900
48902
48903
48904
48905
48906
48907
48908
48909
48910
48911
48912
48913
48914
48916
48917
48918
48919
48920
48921
48922
48923
48924
48925
48926
48927
48928
48929
48930
48931
48932
48933
48934
48935
48936
48937
48940
48941
48942
48943
48944
48945
48947
48948
48949
48950
48951
48952
48953
48954
48955
48956
48957
48958
48960
48961
48962
48963
48964
48965
48966
48967
48968
48969
48970
48971
48972
48973
48974
48975
48976
48977
48979
48980
48981
48982
48983
48984
48985
48986
48987
48988
48989
48990
48991
48992
48993
48994
48995
48996
48997
48998
48999
49000
49001
49002
49003
49004
49005
49006
49007
49008
49009
49010
49011
49012
49013
49014
49015
49016
49017
49018
49019
49020
49021
49022
49023
49024
49025
49026
49027
49028
49029
49030
49031
49032
49033
49034
49035
49036
49037
49038
49039
49040
49041
49042
49043
49044
49045
49046
49047
49048
49049
49050
49051
49052
49053
49054
49055
49056
49057
49058
49059
49060
49061
49062
49063
49064
49065
49066
49067
49068
49069
49070
49071
49072
49073
49074
49075
49076
49077
49078
49079
49080
49081
49082
49083
49084
49085
49086
49087
49088
49089
49090
49091
49092
49093
49094
49095
49096
49097
49098
49099
49100
49101
49102
49103
49104
49105
49106
49107
49108
49110
49111
49112
49113
49114
49116
49117
49118
49119
49120
49121
49122
49123
49124
49125
49126
49127
49128
49129
49131
49132
49133
49134
49135
49136
49137
49138
49139
49140
49141
49142
49143
49144
49145
49146
49147
49148
49149
49150
49151
49152
49153
49154
49155
49156
49157
49158
49159
49160
49161
49162
49163
49165
49166
49167
49168
49170
49171
49172
49173
49174
49175
49176
49177
49178
49179
49180
49181
49182
49183
49184
49185
49186
49187
49188
49189
49190
49191
49192
49193
49194
49195
49196
49197
49199
49200
49201
49202
49203
49204
49205
49206
49207
49209
49210
49211
49212
49213
49214
49215
49216
49217
49218
49219
49220
49221
49222
49223
49224
49225
49226
49227
49228
49229
49230
49231
49232
49233
49234
49235
49236
49237
49238
49239
49240
49242
49243
49244
49245
49246
49247
49248
49249
49250
49251
49252
49253
49254
49255
49256
49257
49258
49259
49260
49261
49262
49263
49264
49265
49266
49267
49268
49269
49270
49271
49272
49273
49274
49275
49276
49277
49278
49279
49280
49281
49282
49283
49284
49285
49286
49288
49289
49290
49291
49292
49293
49294
49296
49297
49298
49299
49300
49301
49302
49303
49304
49305
49306
49307
49308
49309
49310
49311
49312
49313
49314
49315
49316
49317
49318
49319
49320
49321
49322
49324
49325
49326
49327
49328
49329
49331
49332
49333
49334
49335
49336
49337
49338
49339
49340
49341
49342
49343
49344
49345
49346
49347
49348
49349
49350
49351
49352
49353
49354
49355
49356
49357
49358
49359
49360
49361
49362
49363
49364
49365
49366
49367
49368
49369
49370
49371
49372
49373
49374
49375
49376
49377
49379
49380
49381
49382
49383
49384
49385
49386
49387
49388
49389
49390
49391
49392
49393
49394
49395
49396
49397
49398
49399
49401
49402
49403
49404
49405
49406
49408
49409
49410
49411
49412
49413
49414
49415
49416
49417
49418
49419
49420
49421
49422
49423
49424
49425
49427
49428
49429
49430
49431
49432
49433
49434
49435
49436
49437
49438
49439
49440
49441
49442
49443
49444
49445
49446
49447
49450
49451
49452
49453
49455
49456
49457
49458
49460
49461
49462
49463
49465
49467
49468
49469
49470
49471
49473
49474
49475
49476
49477
49478
49479
49480
49481
49482
49483
49484
49485
49486
49487
49488
49489
49490
49491
49492
49493
49494
49496
49497
49498
49499
49500
49501
49502
49503
49504
49505
49506
49507
49508
49509
49510
49511
49512
49513
49514
49515
49516
49517
49518
49519
49520
49521
49523
49524
49525
49526
49527
49528
49529
49530
49531
49532
49533
49534
49535
49536
49537
49538
49540
49541
49542
49544
49545
49546
49547
49548
49549
49550
49551
49552
49553
49554
49555
49556
49557
49558
49559
49560
49561
49562
49563
49564
49565
49566
49567
49568
49569
49570
49571
49572
49573
49574
49575
49576
49577
49578
49579
49580
49581
49582
49583
49584
49585
49586
49587
49588
49589
49590
49591
49592
49593
49594
49595
49596
49597
49598
49599
49600
49601
49602
49603
49604
49605
49606
49607
49608
49609
49610
49611
49612
49613
49614
49615
49617
49619
49620
49621
49622
49623
49624
49625
49626
49627
49628
49629
49630
49631
49632
49633
49634
49635
49636
49637
49638
49639
49640
49641
49642
49643
49644
49645
49646
49647
49648
49649
49650
49651
49652
49653
49654
49655
49656
49658
49659
49660
49662
49663
49664
49665
49666
49667
49668
49669
49670
49671
49672
49673
49674
49675
49676
49677
49678
49679
49680
49681
49682
49683
49684
49685
49686
49687
49688
49689
49690
49691
49692
49693
49694
49695
49696
49697
49698
49699
49700
49701
49702
49704
49705
49706
49707
49708
49709
49710
49711
49712
49713
49714
49717
49718
49719
49720
49721
49722
49723
49724
49725
49727
49728
49729
49730
49731
49732
49733
49734
49736
49738
49739
49740
49741
49742
49743
49744
49745
49746
49749
49750
49751
49752
49753
49754
49756
49757
49758
49759
49760
49761
49762
49763
49764
49765
49766
49767
49768
49769
49770
49771
49772
49773
49774
49775
49776
49777
49778
49779
49780
49781
49782
49783
49784
49785
49786
49787
49788
49789
49790
49791
49792
49793
49794
49795
49796
49797
49798
49799
49800
49801
49803
49804
49805
49806
49807
49808
49810
49811
49812
49813
49814
49815
49816
49817
49819
49820
49821
49822
49823
49824
49825
49826
49827
49829
49860
49861
49862
49863
49865
49866
49867
49869
49870
49872
49874
49875
49876
49877
49880
49881
49882
49883
49884
49885
49886
49887
49889
49890
49891
49892
49893
49894
49895
49896
49897
49898
49900
49901
49902
49903
49904
49905
49906
49907
49908
49909
49910
49911
49912
49914
49915
49916
49917
49918
49920
49921
49922
49923
49924
49925
49926
49927
49928
49929
49930
49931
49932
49934
49935
49936
49937
49938
49939
49940
49941
49943
49944
49945
49946
49947
49948
49949
49950
49951
49952
49953
49954
49955
49956
49957
49958
49959
49961
49962
49963
49964
49965
49966
49967
49968
49969
49970
49971
49972
49973
49974
49975
49976
49977
49978
49980
49982
49983
49984
49985
49986
49987
49988
49989
49990
49991
49992
49993
49994
49995
49996
49997
49998
49999
50000
50001
50002
50003
50004
50005
50006
50008
50010
50011
50012
50013
50014
50015
50016
50017
50018
50019
50020
50021
50022
50023
50024
50025
50026
50027
50028
50029
50031
50032
50033
50034
50035
50036
50037
50038
50039
50040
50041
50042
50043
50044
50045
50046
50048
50049
50050
50051
50052
50053
50054
50055
50056
50057
50058
50059
50060
50061
50062
50063
50064
50065
50066
50067
50068
50069
50070
50071
50072
50073
50074
50075
50076
50077
50078
50079
50080
50081
50082
50083
50084
50085
50086
50087
50088
50089
50090
50091
50092
50093
50094
50095
50096
50097
50098
50099
50100
50101
50102
50103
50104
50105
50106
50107
50108
50109
50110
50111
50112
50113
50114
50115
50116
50117
50118
50120
50121
50122
50123
50124
50125
50126
50127
50128
50129
50130
50131
50132
50133
50134
50135
50136
50137
50138
50139
50140
50141
50142
50143
50144
50145
50147
50148
50149
50151
50152
50153
50154
50155
50156
50158
50159
50160
50161
50162
50163
50164
50165
50166
50167
50168
50169
50170
50171
50172
50173
50174
50175
50176
50177
50178
50179
50180
50181
50182
50183
50184
50185
50186
50187
50188
50189
50191
50192
50193
50194
50195
50196
50197
50198
50199
50200
50201
50202
50203
50204
50205
50206
50207
50208
50209
50210
50211
50212
50213
50214
50215
50216
50217
50218
50219
50220
50221
50222
50223
50224
50225
50227
50228
50229
50230
50231
50232
50233
50234
50235
50236
50237
50238
50239
50240
50241
50242
50243
50244
50245
50246
50247
50248
50249
50250
50252
50253
50254
50255
50256
50257
50258
50259
50260
50261
50262
50263
50264
50265
50266
50267
50268
50269
50270
50271
50272
50273
50274
50275
50276
50277
50279
50280
50281
50282
50283
50284
50285
50286
50287
50288
50289
50290
50291
50292
50293
50294
50295
50296
50297
50298
50299
50300
50301
50302
50303
50304
50306
50307
50308
50309
50310
50311
50312
50313
50314
50315
50316
50317
50318
50319
50320
50321
50322
50323
50324
50325
50326
50327
50328
50329
50330
50331
50332
50333
50334
50335
50336
50337
50338
50339
50340
50342
50343
50344
50345
50346
50347
50348
50349
50351
50352
50353
50354
50355
50356
50357
50359
50360
50361
50362
50363
50364
50365
50366
50369
50370
50371
50372
50373
50374
50375
50376
50378
50379
50380
50381
50382
50383
50384
50385
50386
50387
50388
50389
50390
50391
50392
50393
50394
50395
50396
50397
50398
50399
50400
50401
50402
50403
50404
50405
50406
50407
50408
50409
50410
50411
50412
50413
50414
50415
50416
50417
50418
50419
50420
50421
50422
50423
50424
50425
50426
50427
50428
50429
50430
50431
50432
50440
50441
50442
50443
50444
50445
50446
50447
50448
50449
50450
50451
50453
50454
50455
50456
50457
50458
50459
50460
50461
50462
50463
50464
50465
50466
50467
50468
50469
50470
50471
50472
50473
50474
50475
50476
50477
50478
50479
50480
50481
50482
50483
50484
50485
50486
50487
50488
50489
50490
50491
50492
50494
50495
50496
50497
50498
50499
50500
50501
50502
50503
50504
50505
50506
50507
50508
50509
50511
50512
50514
50515
50516
50517
50518
50519
50520
50522
50523
50524
50525
50526
50527
50528
50529
50530
50531
50532
50533
50534
50535
50537
50538
50540
50541
50542
50543
50544
50545
50546
50547
50548
50549
50551
50553
50554
50556
50558
50559
50560
50561
50563
50564
50565
50566
50567
50568
50569
50570
50571
50572
50573
50574
50575
50576
50577
50579
50580
50581
50582
50583
50584
50585
50586
50587
50591
50592
50593
50594
50595
50596
50597
50598
50599
50600
50601
50602
50603
50604
50605
50606
50607
50608
50609
50610
50611
50612
50613
50614
50615
50616
50617
50618
50619
50620
50621
50622
50623
50624
50625
50626
50627
50628
50629
50630
50631
50632
50633
50634
50635
50636
50637
50638
50639
50640
50641
50642
50643
50644
50645
50646
50647
50648
50649
50650
50651
50652
50653
50654
50655
50656
50657
50658
50659
50660
50661
50662
50663
50665
50666
50667
50668
50669
50670
50671
50672
50673
50674
50675
50676
50679
50680
50681
50683
50684
50685
50686
50687
50689
50690
50691
50692
50693
50694
50695
50696
50697
50698
50699
50700
50701
50702
50703
50704
50706
50707
50708
50709
50710
50711
50712
50713
50714
50715
50716
50718
50719
50720
50721
50722
50723
50724
50725
50726
50727
50728
50729
50730
50731
50732
50733
50734
50735
50736
50737
50738
50739
50740
50741
50742
50743
50745
50747
50748
50749
50750
50751
50752
50753
50754
50755
50756
50757
50758
50759
50760
50761
50762
50763
50764
50765
50766
50768
50769
50770
50771
50772
50773
50774
50775
50776
50777
50780
50781
50782
50783
50784
50785
50786
50787
50788
50789
50790
50791
50792
50793
50794
50796
50797
50798
50799
50800
50801
50802
50803
50804
50805
50806
50807
50808
50809
50810
50811
50813
50814
50815
50816
50817
50818
50819
50820
50821
50822
50823
50824
50825
50827
50828
50829
50830
50831
50832
50833
50834
50835
50836
50837
50838
50839
50840
50841
50842
50843
50844
50845
50846
50847
50848
50849
50851
50852
50853
50854
50855
50856
50857
50858
50859
50860
50861
50862
50863
50865
50866
50867
50868
50869
50870
50871
50872
50873
50874
50876
50877
50878
50879
50880
50881
50882
50883
50884
50885
50886
50887
50888
50889
50890
50891
50892
50893
50894
50895
50896
50897
50898
50899
50900
50901
50902
50903
50904
50905
50906
50907
50908
50909
50910
50911
50912
50913
50914
50915
50916
50917
50918
50919
50920
50921
50922
50923
50924
50925
50926
50927
50928
50931
50932
50933
50934
50935
50936
50937
50938
50939
50940
50941
50942
50943
50944
50945
50946
50947
50948
50949
50950
50951
50952
50953
50955
50956
50957
50958
50959
50960
50961
50962
50964
50965
50966
50967
50968
50969
50970
50971
50972
50973
50974
50975
50976
50977
50978
50979
50980
50981
50982
50983
50984
50985
50986
50987
50988
50989
50990
50991
50992
50993
50994
50995
50996
50997
50998
50999
51000
51001
51002
51003
51004
51005
51006
51007
51008
51009
51010
51011
51012
51013
51014
51015
51016
51018
51019
51020
51021
51022
51023
51024
51025
51026
51028
51029
51030
51031
51032
51033
51034
51035
51036
51037
51038
51039
51040
51041
51042
51043
51044
51045
51046
51047
51048
51049
51050
51051
51052
51053
51054
51055
51056
51057
51058
51059
51060
51061
51062
51063
51064
51065
51066
51067
51069
51070
51071
51072
51073
51074
51075
51076
51077
51078
51079
51080
51081
51083
51084
51085
51086
51087
51088
51089
51090
51091
51092
51093
51094
51095
51096
51097
51098
51099
51100
51101
51102
51103
51104
51105
51106
51107
51108
51109
51110
51111
51112
51113
51114
51115
51116
51117
51118
51119
51120
51121
51122
51124
51125
51126
51127
51128
51129
51130
51131
51132
51133
51134
51136
51137
51138
51139
51140
51141
51142
51143
51144
51145
51146
51147
51148
51149
51150
51151
51152
51153
51154
51155
51156
51157
51158
51159
51160
51161
51162
51163
51164
51166
51167
51168
51169
51170
51171
51172
51173
51174
51175
51176
51177
51178
51179
51180
51181
51182
51183
51184
51185
51186
51187
51188
51189
51190
51191
51192
51193
51194
51196
51197
51198
51199
51200
51201
51202
51203
51204
51205
51206
51207
51208
51209
51210
51211
51212
51213
51214
51215
51216
51217
51218
51219
51220
51222
51223
51224
51225
51226
51227
51228
51229
51230
51231
51232
51233
51234
51235
51236
51237
51238
51239
51240
51241
51242
51244
51245
51246
51247
51248
51249
51250
51251
51252
51253
51254
51255
51256
51257
51258
51259
51260
51261
51262
51263
51264
51265
51266
51267
51268
51269
51270
51271
51272
51273
51274
51275
51276
51277
51278
51279
51280
51281
51282
51283
51284
51285
51286
51287
51288
51289
51290
51291
51292
51293
51294
51295
51296
51297
51298
51299
51300
51301
51302
51303
51304
51305
51306
51307
51308
51309
51310
51311
51312
51313
51314
51315
51316
51317
51318
51319
51320
51321
51322
51323
51324
51325
51326
51327
51328
51329
51330
51331
51332
51333
51334
51335
51336
51337
51338
51339
51340
51341
51342
51343
51344
51345
51346
51347
51348
51349
51350
51351
51352
51353
51354
51355
51356
51357
51358
51359
51360
51361
51362
51363
51364
51365
51367
51368
51369
51371
51372
51373
51374
51375
51376
51377
51378
51379
51380
51381
51382
51383
51384
51385
51386
51387
51388
51389
51390
51391
51392
51393
51394
51395
51396
51397
51398
51399
51400
51401
51402
51403
51404
51405
51406
51407
51408
51409
51410
51411
51412
51413
51414
51415
51416
51417
51418
51419
51420
51421
51422
51423
51424
51425
51426
51427
51428
51429
51430
51431
51432
51433
51434
51435
51436
51437
51439
51440
51441
51442
51443
51444
51445
51446
51447
51448
51451
51452
51453
51454
51455
51456
51457
51458
51459
51460
51461
51462
51463
51464
51465
51466
51467
51468
51469
51470
51471
51472
51473
51474
51475
51476
51477
51478
51479
51480
51481
51482
51483
51484
51485
51486
51487
51488
51489
51490
51491
51492
51494
51495
51496
51497
51498
51499
51500
51501
51502
51504
51506
51507
51509
51510
51511
51512
51513
51514
51516
51517
51518
51519
51520
51521
51522
51523
51524
51525
51526
51527
51528
51529
51530
51531
51532
51533
51534
51535
51536
51537
51538
51539
51540
51541
51543
51544
51545
51546
51547
51548
51549
51550
51551
51552
51553
51554
51556
51557
51558
51559
51560
51562
51563
51564
51565
51566
51567
51568
51569
51570
51571
51572
51573
51574
51576
51577
51578
51579
51580
51581
51582
51584
51585
51586
51587
51588
51589
51590
51591
51592
51593
51594
51595
51596
51597
51598
51599
51600
51601
51602
51603
51604
51605
51606
51607
51610
51611
51612
51613
51614
51615
51616
51617
51618
51619
51620
51621
51622
51623
51624
51625
51626
51627
51628
51629
51630
51631
51632
51633
51634
51635
51636
51637
51638
51639
51640
51641
51642
51643
51644
51645
51646
51647
51648
51649
51650
51651
51652
51653
51654
51655
51656
51657
51658
51659
51660
51661
51662
51663
51664
51665
51666
51668
51669
51670
51671
51672
51673
51674
51675
51676
51677
51678
51680
51681
51682
51683
51684
51685
51686
51687
51688
51689
51690
51691
51692
51693
51694
51695
51696
51697
51698
51699
51700
51701
51702
51703
51704
51705
51706
51707
51708
51709
51710
51711
51712
51713
51714
51715
51716
51717
51718
51719
51720
51721
51722
51723
51724
51725
51726
51727
51728
51729
51732
51733
51734
51735
51736
51737
51738
51740
51741
51742
51743
51745
51746
51747
51748
51750
51751
51752
51753
51755
51756
51757
51758
51759
51760
51761
51763
51764
51765
51766
51767
51768
51769
51770
51771
51772
51773
51774
51775
51776
51777
51778
51779
51780
51781
51782
51783
51784
51785
51786
51787
51788
51789
51790
51791
51792
51793
51794
51795
51796
51797
51798
51799
51800
51801
51802
51803
51804
51805
51806
51807
51808
51809
51810
51812
51813
51814
51815
51816
51817
51818
51819
51820
51821
51822
51823
51824
51825
51826
51827
51828
51829
51830
51831
51833
51834
51835
51836
51837
51838
51839
51840
51841
51842
51843
51844
51845
51846
51847
51848
51849
51850
51851
51853
51854
51855
51856
51857
51858
51859
51860
51862
51863
51864
51865
51866
51867
51869
51871
51872
51873
51874
51875
51876
51877
51879
51880
51881
51882
51883
51884
51885
51886
51887
51888
51889
51890
51891
51892
51893
51894
51895
51896
51897
51898
51900
51901
51903
51904
51906
51907
51908
51910
51912
51913
51914
51915
51917
51918
51919
51920
51921
51922
51923
51924
51925
51926
51927
51928
51930
51931
51932
51933
51934
51935
51936
51937
51938
51939
51940
51941
51942
51943
51944
51945
51946
51947
51948
51949
51950
51951
51952
51953
51954
51955
51956
51958
51959
51960
51961
51962
51963
51964
51966
51967
51968
51969
51970
51971
51972
51973
51974
51976
51977
51978
51979
51980
51981
51982
51984
51985
51986
51987
51988
51989
51990
51991
51992
51993
51994
51995
51996
51997
51998
51999
52000
52001
52002
52003
52004
52005
52006
52007
52008
52011
52013
52016
52017
52018
52019
52020
52021
52022
52023
52025
52026
52027
52029
52030
52031
52032
52033
52034
52035
52036
52038
52039
52040
52041
52042
52043
52044
52045
52047
52048
52049
52050
52051
52052
52053
52055
52057
52058
52059
52060
52061
52062
52064
52065
52066
52067
52068
52069
52070
52071
52072
52073
52074
52075
52076
52077
52078
52079
52080
52081
52082
52083
52084
52085
52086
52087
52088
52089
52090
52091
52093
52094
52095
52096
52097
52098
52099
52100
52101
52102
52103
52104
52105
52107
52109
52111
52112
52113
52114
52115
52116
52117
52118
52119
52120
52121
52122
52123
52124
52125
52126
52127
52128
52129
52131
52132
52133
52134
52135
52136
52137
52138
52139
52140
52142
52143
52144
52145
52146
52147
52148
52149
52150
52151
52152
52153
52154
52155
52156
52157
52158
52159
52160
52161
52162
52163
52164
52165
52166
52167
52168
52169
52170
52171
52172
52173
52174
52175
52176
52177
52178
52179
52180
52181
52182
52183
52184
52185
52186
52187
52188
52189
52190
52191
52192
52193
52195
52196
52197
52198
52199
52200
52201
52202
52203
52204
52205
52206
52207
52208
52209
52210
52211
52212
52213
52214
52215
52216
52217
52218
52219
52220
52221
52222
52223
52224
52225
52226
52227
52228
52229
52230
52231
52232
52233
52234
52235
52236
52237
52238
52239
52240
52242
52243
52245
52246
52247
52248
52249
52250
52251
52252
52253
52254
52255
52256
52257
52258
52259
52260
52261
52262
52263
52264
52265
52266
52267
52268
52269
52270
52271
52272
52273
52274
52275
52276
52277
52278
52279
52280
52281
52282
52283
52284
52285
52286
52287
52288
52289
52290
52291
52293
52294
52295
52297
52298
52299
52300
52301
52302
52307
52308
52309
52310
52312
52313
52314
52315
52316
52318
52319
52320
52322
52323
52324
52325
52326
52327
52328
52329
52330
52331
52332
52335
52337
52339
52340
52341
52342
52343
52344
52345
52346
52347
52348
52349
52350
52351
52352
52353
52354
52355
52359
52360
52361
52362
52363
52364
52365
52366
52367
52368
52371
52373
52374
52375
52376
52377
52379
52380
52382
52383
52384
52385
52386
52387
52388
52389
52390
52391
52392
52393
52394
52395
52396
52397
52398
52399
52400
52401
52402
52403
52404
52405
52406
52407
52408
52409
52412
52413
52414
52415
52416
52417
52418
52419
52420
52421
52422
52423
52424
52425
52426
52427
52428
52429
52430
52431
52432
52433
52434
52435
52436
52437
52438
52439
52440
52441
52442
52443
52444
52445
52446
52447
52448
52449
52450
52451
52452
52453
52454
52455
52456
52458
52459
52460
52462
52464
52465
52466
52467
52468
52470
52471
52473
52474
52475
52476
52477
52478
52479
52480
52481
52482
52483
52484
52485
52486
52487
52488
52489
52490
52491
52492
52493
52494
52495
52496
52497
52498
52499
52500
52501
52502
52503
52504
52505
52506
52507
52508
52509
52510
52511
52512
52513
52514
52515
52516
52517
52518
52519
52520
52521
52522
52523
52524
52525
52526
52527
52528
52529
52530
52531
52532
52533
52534
52535
52536
52537
52539
52540
52541
52542
52543
52544
52545
52546
52547
52548
52549
52550
52551
52552
52553
52554
52555
52556
52557
52558
52559
52560
52561
52562
52563
52564
52565
52566
52567
52568
52569
52570
52571
52572
52573
52574
52575
52576
52577
52578
52579
52580
52581
52582
52583
52584
52585
52586
52587
52588
52589
52590
52591
52592
52593
52594
52595
52596
52597
52598
52599
52600
52601
52602
52604
52605
52606
52607
52608
52609
52610
52611
52612
52613
52614
52615
52616
52617
52618
52619
52620
52621
52622
52623
52625
52626
52627
52628
52630
52631
52632
52633
52634
52635
52636
52637
52638
52639
52640
52641
52642
52643
52645
52646
52647
52648
52649
52650
52651
52652
52653
52654
52657
52658
52659
52660
52661
52662
52663
52664
52666
52667
52668
52669
52670
52671
52672
52673
52674
52675
52676
52677
52678
52679
52680
52681
52682
52683
52684
52685
52686
52687
52688
52689
52690
52691
52692
52693
52694
52695
52696
52697
52698
52699
52700
52701
52702
52703
52704
52705
52706
52707
52708
52709
52710
52711
52712
52713
52714
52715
52716
52717
52718
52719
52720
52721
52722
52723
52724
52725
52726
52727
52728
52729
52730
52731
52734
52735
52736
52737
52738
52739
52740
52741
52742
52743
52744
52745
52746
52747
52748
52749
52750
52752
52753
52754
52755
52756
52757
52758
52759
52761
52762
52763
52764
52765
52766
52767
52768
52769
52770
52771
52772
52773
52774
52775
52776
52777
52778
52779
52780
52781
52782
52783
52784
52785
52786
52787
52788
52789
52790
52791
52792
52793
52794
52795
52796
52797
52798
52799
52800
52801
52802
52803
52804
52805
52806
52807
52809
52810
52811
52812
52813
52814
52815
52816
52817
52819
52820
52821
52822
52823
52824
52825
52826
52827
52828
52829
52830
52831
52832
52833
52834
52835
52836
52837
52838
52839
52840
52841
52842
52843
52844
52846
52847
52848
52849
52850
52851
52852
52853
52854
52856
52857
52858
52859
52860
52861
52862
52863
52864
52865
52866
52869
52870
52871
52872
52873
52874
52875
52876
52877
52878
52879
52880
52881
52882
52883
52884
52885
52886
52887
52888
52889
52890
52891
52892
52893
52894
52895
52896
52897
52898
52899
52900
52901
52902
52903
52905
52906
52907
52908
52909
52910
52911
52912
52913
52914
52915
52916
52917
52918
52919
52920
52921
52922
52923
52924
52925
52926
52927
52928
52929
52930
52931
52932
52934
